<component name="libraryTable">
  <library name="junit-3.8.1">
    <CLASSES>
      <root url="jar://$PROJECT_DIR$/lib/development/junit-3.8.1.jar!/" />
    </CLASSES>
    <JAVADOC />
    <SOURCES />
  </library>
</component>